<?xml version="1.0" encoding="UTF-8"?>
<!-- Generated by org.testng.reporters.JUnitReportReporter -->
<testsuite hostname="Bayan" failures="0" tests="5" name="AlmosaferWebSite.MyTestClass" time="47.364" errors="0" timestamp="2024-02-05T14:32:00 EET" skipped="0">
  <testcase classname="AlmosaferWebSite.MyTestClass" name="selectRandomLanguage" time="1.158"/>
  <system-out/>
  <testcase classname="AlmosaferWebSite.MyTestClass" name="switchToHotel" time="3.599"/>
  <system-out/>
  <testcase classname="AlmosaferWebSite.MyTestClass" name="randomSelectTheVisitorNumber" time="5.612"/>
  <system-out/>
  <testcase classname="AlmosaferWebSite.MyTestClass" name="checkThePageIsLoading" time="35.934"/>
  <system-out/>
  <testcase classname="AlmosaferWebSite.MyTestClass" name="lowestPrice" time="1.061"/>
  <system-out/>
</testsuite> <!-- AlmosaferWebSite.MyTestClass -->
