<?xml version="1.0" encoding="UTF-8"?>
<!-- Generated by org.testng.reporters.JUnitReportReporter -->
<testsuite hostname="Bayan" failures="0" tests="1" name="Almosafer.MyTestClass" time="0.032" errors="0" timestamp="2024-01-31T19:19:51 EET" skipped="0">
  <testcase classname="Almosafer.MyTestClass" name="checkTheDefultLanguageIsEnglish" time="0.032"/>
  <system-out/>
</testsuite> <!-- Almosafer.MyTestClass -->
