<?xml version="1.0" encoding="UTF-8"?>
<!-- Generated by org.testng.reporters.JUnitReportReporter -->
<testsuite hostname="Bayan" failures="0" tests="5" name="AlmosaferWebSite.MyTestClass" time="6.049" errors="0" timestamp="2024-02-02T19:34:06 EET" skipped="0">
  <testcase classname="AlmosaferWebSite.MyTestClass" name="selectRandomLanguage" time="1.147"/>
  <system-out/>
  <testcase classname="AlmosaferWebSite.MyTestClass" name="selectRandomLanguage" time="1.262"/>
  <system-out/>
  <testcase classname="AlmosaferWebSite.MyTestClass" name="selectRandomLanguage" time="1.776"/>
  <system-out/>
  <testcase classname="AlmosaferWebSite.MyTestClass" name="selectRandomLanguage" time="1.133"/>
  <system-out/>
  <testcase classname="AlmosaferWebSite.MyTestClass" name="switchToHotel" time="0.731"/>
  <system-out/>
</testsuite> <!-- AlmosaferWebSite.MyTestClass -->
