<?xml version="1.0" encoding="UTF-8"?>
<!-- Generated by org.testng.reporters.JUnitReportReporter -->
<testsuite hostname="Bayan" failures="0" tests="4" name="AlmosaferWebSite.MyTestClass" time="4.975" errors="0" timestamp="2024-02-01T13:09:49 EET" skipped="0">
  <testcase classname="AlmosaferWebSite.MyTestClass" name="selectRandomLanguage" time="1.215"/>
  <system-out/>
  <testcase classname="AlmosaferWebSite.MyTestClass" name="selectRandomLanguage" time="1.698"/>
  <system-out/>
  <testcase classname="AlmosaferWebSite.MyTestClass" name="selectRandomLanguage" time="1.071"/>
  <system-out/>
  <testcase classname="AlmosaferWebSite.MyTestClass" name="selectRandomLanguage" time="0.991"/>
  <system-out/>
</testsuite> <!-- AlmosaferWebSite.MyTestClass -->
